C:\Program Files\Microsoft Visual Studio\2022\Community\MSBuild\Current\Bin\amd64\Microsoft.Common.CurrentVersion.targets(2364,5): warning MSB3270: несоответствие между архитектурой процессора проекта "x86", сборка которого выполняется, и архитектурой процессора ссылки "dll_kuleshov_techprog_sem3_bei2202", "AMD64". Это несоответствие может привести к ошибкам во время выполнения. Рекомендуется изменить целевую архитектуру процессора для проекта с помощью диспетчера конфигураций, чтобы согласовать архитектуры процессоров для проекта и ссылок, или использовать зависимость от ссылок с архитектурой процессора, соответствующей целевой архитектуре процессора проекта.
  lab1_condition.cpp
C:\Users\Saha2\Desktop\Code-Samples\Лабарадоры\1-2 сем\Алго\3 семестр\snitch\kuleshov_techprog_sem3_bei2202\kuleshov_techprog_sem3_bei2202\lab1_solution.h(302,34): warning C4101: e: неиспользованная локальная переменная
C:\Users\Saha2\Desktop\Code-Samples\Лабарадоры\1-2 сем\Алго\3 семестр\snitch\kuleshov_techprog_sem3_bei2202\kuleshov_techprog_sem3_bei2202\lab2_solution.h(263,34): warning C4101: e: неиспользованная локальная переменная
  lab1_solution.cpp
C:\Users\Saha2\Desktop\Code-Samples\Лабарадоры\1-2 сем\Алго\3 семестр\snitch\kuleshov_techprog_sem3_bei2202\kuleshov_techprog_sem3_bei2202\lab1_solution.h(302,34): warning C4101: e: неиспользованная локальная переменная
C:\Users\Saha2\Desktop\Code-Samples\Лабарадоры\1-2 сем\Алго\3 семестр\snitch\kuleshov_techprog_sem3_bei2202\kuleshov_techprog_sem3_bei2202\lab2_solution.h(263,34): warning C4101: e: неиспользованная локальная переменная
  lab2_condition.cpp
C:\Users\Saha2\Desktop\Code-Samples\Лабарадоры\1-2 сем\Алго\3 семестр\snitch\kuleshov_techprog_sem3_bei2202\kuleshov_techprog_sem3_bei2202\lab1_solution.h(302,34): warning C4101: e: неиспользованная локальная переменная
C:\Users\Saha2\Desktop\Code-Samples\Лабарадоры\1-2 сем\Алго\3 семестр\snitch\kuleshov_techprog_sem3_bei2202\kuleshov_techprog_sem3_bei2202\lab2_solution.h(263,34): warning C4101: e: неиспользованная локальная переменная
  lab2_solution.cpp
C:\Users\Saha2\Desktop\Code-Samples\Лабарадоры\1-2 сем\Алго\3 семестр\snitch\kuleshov_techprog_sem3_bei2202\kuleshov_techprog_sem3_bei2202\lab1_solution.h(302,34): warning C4101: e: неиспользованная локальная переменная
C:\Users\Saha2\Desktop\Code-Samples\Лабарадоры\1-2 сем\Алго\3 семестр\snitch\kuleshov_techprog_sem3_bei2202\kuleshov_techprog_sem3_bei2202\lab2_solution.h(263,34): warning C4101: e: неиспользованная локальная переменная
  Main.cpp
C:\Users\Saha2\Desktop\Code-Samples\Лабарадоры\1-2 сем\Алго\3 семестр\snitch\kuleshov_techprog_sem3_bei2202\kuleshov_techprog_sem3_bei2202\lab1_solution.h(302,34): warning C4101: e: неиспользованная локальная переменная
C:\Users\Saha2\Desktop\Code-Samples\Лабарадоры\1-2 сем\Алго\3 семестр\snitch\kuleshov_techprog_sem3_bei2202\kuleshov_techprog_sem3_bei2202\lab2_solution.h(263,34): warning C4101: e: неиспользованная локальная переменная
  .NETFramework,Version=v4.7.2.AssemblyAttributes.cpp
  Создание кода...
  lab1_condition.obj : обнаружен модуль MSIL; для MSIL последовательная компоновка отключена; выполняется полная компоновка
LINK : fatal error LNK1561: точка входа должна быть определена
